0a55e304-2ab8-4d5a-814f-0a74c1c680f8 runner@runnervmrg6be:~/work/UNFCCC_non-AnnexI_data/UNFCCC_non-AnnexI_data timestamp=1775111359s
0b70c44a-5eb5-4f12-a855-3e910fb968b5 johannes@johannes-PC:/storage/data/data/PRIMAP/primap_2.0/datasets/UNFCCC_non-AnnexI_data timestamp=1642688674.407476389s
11d7c87c-cc32-4c1e-a272-d018d738c6d8 runner@runnervmrg6be:~/work/UNFCCC_non-AnnexI_data/UNFCCC_non-AnnexI_data timestamp=1775111365s
170cfd7b-899e-4dec-9598-ea192f6f2ff6 runner@runnervm35a4x:~/work/UNFCCC_non-AnnexI_data/UNFCCC_non-AnnexI_data timestamp=1775814310s
2bc93d7c-cf2e-4c22-837f-d554836af7e6 gin-src timestamp=1641379525.493652513s
2bc93d7c-cf2e-4c22-837f-d554836af7e6 git@f3bf055b1fb5:/data/repos/jguetschow/unfccc_non-annexi_data.git timestamp=1639474871.421431518s
458d642b-bad2-4d95-9167-f8b8e126c751 runner@runnervmrg6be:~/work/UNFCCC_non-AnnexI_data/UNFCCC_non-AnnexI_data timestamp=1775111319s
46a75c7c-2a08-45bd-8446-fa827c043e27 johannes@johannes-PC:/storage/data/data/PRIMAP/primap_2.0/datasets/UNFCCC_non-AnnexI_data_docs_tests timestamp=1701684395.638159239s
51f782db-9da7-401d-83a0-106e09d2d6d4 runner@runnervm727z3:~/work/UNFCCC_non-AnnexI_data/UNFCCC_non-AnnexI_data timestamp=1775544126s
552d3018-025a-45c8-b7a1-e05fd476de26 runner@runnervm727z3:~/work/UNFCCC_non-AnnexI_data/UNFCCC_non-AnnexI_data timestamp=1775544134s
729451a9-7db0-43f5-90c5-b3fc888c5efd runner@runnervmwffz4:~/work/UNFCCC_non-AnnexI_data/UNFCCC_non-AnnexI_data timestamp=1770794083s
732dbd0e-0f26-404e-b5d6-2b50f5359fe3 runner@runnervmwffz4:~/work/UNFCCC_non-AnnexI_data/UNFCCC_non-AnnexI_data timestamp=1770883333s
750c6315-3d5d-4007-93ec-99ba3f07c8eb johannes@johannes-PC:~/Documents/Freelance/projects/FAO2021/code/UNFCCC_data_for_FAO/collaborative_BUR_dataset/UNFCCC_non-AnnexI_data timestamp=1639472543.360446808s
766b6bb2-04dd-4d6d-b345-c395f4883993 johannes@johannes-ThinkPad-P14s-Gen-4:~/data/PRIMAP/primap_2.0/datasets/UNFCCC_non-AnnexI_data timestamp=1726741386s
7c99d0c2-4a99-475a-9051-018431964ab8 danielbusch@Daniels-MacBook-Pro.local:~/Documents/UNFCCC_non-AnnexI_data timestamp=1711101167s
8751b393-b6ba-43d2-b1f8-01f1c59908e7 pflueger@lt874:~/work/dl/UNFCCC_non-AnnexI_data timestamp=1641310342.931795133s
895ed333-cade-424d-8698-551c30726ab3 johannes@johannes-ThinkPad:/media/johannes/Data_external/data/PRIMAP/primap_2.0/datasets/UNFCCC_non-AnnexI_data timestamp=1687763504.916062133s
8b8c45d3-f021-4d98-bb96-5fa43445f98c mikapfl@crmp1:~/work/UNFCCC_non-AnnexI_data timestamp=1680679739.209156381s
950a6037-4110-4832-bd7b-851fd3967fa0 runner@runnervmrg6be:~/work/UNFCCC_non-AnnexI_data/UNFCCC_non-AnnexI_data timestamp=1775111306s
9515fea4-15c0-4106-bf54-c8bdd10bc194 runner@runnervmwffz4:~/work/UNFCCC_non-AnnexI_data/UNFCCC_non-AnnexI_data timestamp=1770883353s
b94ae87d-29d7-4239-9a3c-ef9184f2d4e7 runner@runnervmwffz4:~/work/UNFCCC_non-AnnexI_data/UNFCCC_non-AnnexI_data timestamp=1770794089s
bb5c8db5-96b0-47ce-95d7-6655a254d170 runner@runnervmkj6or:~/work/UNFCCC_non-AnnexI_data/UNFCCC_non-AnnexI_data timestamp=1770375014s
c25e8365-68ba-4924-b9e6-a1f317937598 runner@runnervm0kj6c:~/work/UNFCCC_non-AnnexI_data/UNFCCC_non-AnnexI_data timestamp=1772790494s
c430259d-cd43-4960-bb7f-5ae3d4358dfc runner@runnervm46oaq:~/work/UNFCCC_non-AnnexI_data/UNFCCC_non-AnnexI_data timestamp=1773732897s
c8ec4da6-be14-448d-842a-7e0719c83713 johannes@johannes-ThinkPad-P14s-Gen-4:/media/johannes/Data_external/temp/UNFCCC_non-AnnexI_data_sparse_test timestamp=1742882114s
e55c51b6-dcd4-499f-8d4f-d9ece43d4396 runner@runnervmkj6or:~/work/UNFCCC_non-AnnexI_data/UNFCCC_non-AnnexI_data timestamp=1770374078s
e5afd3e1-3b8d-4e28-be37-42de72646797 runner@runnervm46oaq:~/work/UNFCCC_non-AnnexI_data/UNFCCC_non-AnnexI_data timestamp=1773732899s
e72773da-abbc-4576-9b61-08a4d7ed0e0a runner@runnervm46oaq:~/work/UNFCCC_non-AnnexI_data/UNFCCC_non-AnnexI_data timestamp=1773732882s
f1aecc3f-5774-48b0-9bd6-82cc301852d9 public-r2 timestamp=1733911270s
f7fd3225-15b9-4c0e-9aa9-a0acc4eb5e3d runner@runnervm35a4x:~/work/UNFCCC_non-AnnexI_data/UNFCCC_non-AnnexI_data timestamp=1775822958s
fdd8c777-d563-4378-b754-889525fd1e11 johannes@johannes-PC:/storage/data/data/PRIMAP/primap_2.0/datasets/UNFCCC_non-AnnexI_data_DI_devel timestamp=1661176798.709991264s
